#
# There is insufficient memory for the Java Runtime Environment to continue.
# Native memory allocation (malloc) failed to allocate 1007856 bytes for Chunk::new
# Possible reasons:
#   The system is out of physical RAM or swap space
#   In 32 bit mode, the process size limit was hit
# Possible solutions:
#   Reduce memory load on the system
#   Increase physical memory or swap space
#   Check if swap backing store is full
#   Use 64 bit Java on a 64 bit OS
#   Decrease Java heap size (-Xmx/-Xms)
#   Decrease number of Java threads
#   Decrease Java thread stack sizes (-Xss)
#   Set larger code cache with -XX:ReservedCodeCacheSize=
# This output file may be truncated or incomplete.
#
#  Out of Memory Error (allocation.cpp:390), pid=2732, tid=800
#
# JRE version: Java(TM) SE Runtime Environment (8.0_20-b26) (build 1.8.0_20-b26)
# Java VM: Java HotSpot(TM) 64-Bit Server VM (25.20-b23 mixed mode windows-amd64 compressed oops)
# Failed to write core dump. Minidumps are not enabled by default on client versions of Windows
#

---------------  T H R E A D  ---------------

Current thread (0x00000000547de000):  JavaThread "C2 CompilerThread0" daemon [_thread_in_native, id=800, stack(0x0000000055df0000,0x0000000055ef0000)]

Stack: [0x0000000055df0000,0x0000000055ef0000]
Native frames: (J=compiled Java code, j=interpreted, Vv=VM code, C=native code)
V  [jvm.dll+0x3152fa]
V  [jvm.dll+0x265d03]
V  [jvm.dll+0x266943]
V  [jvm.dll+0x25e265]
V  [jvm.dll+0xbe255]
V  [jvm.dll+0xbe6fc]
V  [jvm.dll+0x477e2c]
V  [jvm.dll+0x444e64]
V  [jvm.dll+0x4500de]
V  [jvm.dll+0x4526c8]
V  [jvm.dll+0x435fc2]
V  [jvm.dll+0x97b62]
V  [jvm.dll+0x98353]
V  [jvm.dll+0x22aac4]
V  [jvm.dll+0x283f5a]
C  [msvcr100.dll+0x21d9f]
C  [msvcr100.dll+0x21e3b]
C  [kernel32.dll+0x159cd]
C  [ntdll.dll+0x2b891]


Current CompileTask:
C2:  55670 3147       4       sun.misc.FloatingDecimal$BinaryToASCIIBuffer::dtoa (1509 bytes)


---------------  P R O C E S S  ---------------

Java Threads: ( => current thread )
  0x0000000056fd1000 JavaThread "Cronometro" daemon [_thread_blocked, id=2088, stack(0x0000000059480000,0x0000000059580000)]
  0x0000000056fd2000 JavaThread "Simulador" daemon [_thread_blocked, id=3060, stack(0x000000005a100000,0x000000005a200000)]
  0x00000000571b8000 JavaThread "Swing-Shell" daemon [_thread_blocked, id=3064, stack(0x0000000059940000,0x0000000059a40000)]
  0x0000000056e48000 JavaThread "TimerQueue" daemon [_thread_blocked, id=3044, stack(0x0000000059580000,0x0000000059680000)]
  0x0000000001e80000 JavaThread "DestroyJavaVM" [_thread_blocked, id=564, stack(0x0000000002020000,0x0000000002120000)]
  0x0000000057002800 JavaThread "AWT-EventQueue-0" [_thread_blocked, id=1512, stack(0x0000000058a80000,0x0000000058b80000)]
  0x000000005745a000 JavaThread "AWT-Shutdown" [_thread_blocked, id=540, stack(0x00000000575d0000,0x00000000576d0000)]
  0x0000000056dc5000 JavaThread "org.netbeans.modules.debugger.jpda.visual AWT Access Loop" daemon [_thread_blocked, id=3748, stack(0x0000000057760000,0x0000000057860000)]
  0x00000000563e3800 JavaThread "AWT-Windows" daemon [_thread_in_native, id=2856, stack(0x0000000056670000,0x0000000056770000)]
  0x00000000563e1800 JavaThread "Java2D Disposer" daemon [_thread_blocked, id=3708, stack(0x00000000567e0000,0x00000000568e0000)]
  0x000000005481c000 JavaThread "Service Thread" daemon [_thread_blocked, id=1740, stack(0x0000000055b20000,0x0000000055c20000)]
  0x00000000547e3000 JavaThread "C1 CompilerThread1" daemon [_thread_blocked, id=2752, stack(0x0000000055f40000,0x0000000056040000)]
=>0x00000000547de000 JavaThread "C2 CompilerThread0" daemon [_thread_in_native, id=800, stack(0x0000000055df0000,0x0000000055ef0000)]
  0x00000000547d3000 JavaThread "JDWP Command Reader" daemon [_thread_in_native, id=3312, stack(0x0000000055c30000,0x0000000055d30000)]
  0x00000000547cb000 JavaThread "JDWP Event Helper Thread" daemon [_thread_blocked, id=1580, stack(0x0000000055700000,0x0000000055800000)]
  0x00000000547c2000 JavaThread "JDWP Transport Listener: dt_shmem" daemon [_thread_blocked, id=3256, stack(0x0000000055980000,0x0000000055a80000)]
  0x00000000547bb000 JavaThread "Attach Listener" daemon [_thread_blocked, id=2316, stack(0x0000000055800000,0x0000000055900000)]
  0x00000000547ba000 JavaThread "Signal Dispatcher" daemon [_thread_blocked, id=1476, stack(0x0000000055580000,0x0000000055680000)]
  0x000000005475a000 JavaThread "Finalizer" daemon [_thread_blocked, id=2604, stack(0x0000000055480000,0x0000000055580000)]
  0x0000000054751000 JavaThread "Reference Handler" daemon [_thread_blocked, id=3856, stack(0x00000000551b0000,0x00000000552b0000)]

Other Threads:
  0x000000005474b000 VMThread [stack: 0x0000000055330000,0x0000000055430000] [id=3364]
  0x000000005481e800 WatcherThread [stack: 0x0000000056550000,0x0000000056650000] [id=2136]

VM state:not at safepoint (normal execution)

VM Mutex/Monitor currently owned by a thread: None

Heap:
 PSYoungGen      total 20992K, used 16912K [0x00000000ebb80000, 0x00000000ed900000, 0x0000000100000000)
  eden space 14848K, 73% used [0x00000000ebb80000,0x00000000ec62f6e0,0x00000000eca00000)
  from space 6144K, 97% used [0x00000000ed100000,0x00000000ed6d4bb8,0x00000000ed700000)
  to   space 7168K, 0% used [0x00000000eca00000,0x00000000eca00000,0x00000000ed100000)
 ParOldGen       total 42496K, used 8838K [0x00000000c3200000, 0x00000000c5b80000, 0x00000000ebb80000)
  object space 42496K, 20% used [0x00000000c3200000,0x00000000c3aa1b00,0x00000000c5b80000)
 Metaspace       used 18578K, capacity 18782K, committed 19200K, reserved 1067008K
  class space    used 2180K, capacity 2231K, committed 2304K, reserved 1048576K

Card table byte_map: [0x00000000117b0000,0x00000000119a0000] byte_map_base: 0x0000000011197000

Marking Bits: (ParMarkBitMap*) 0x000000006ce8b460
 Begin Bits: [0x0000000011dc0000, 0x0000000012cf8000)
 End Bits:   [0x0000000012cf8000, 0x0000000013c30000)

Polling page: 0x0000000000110000

CodeCache: size=245760Kb used=9536Kb max_used=9536Kb free=236223Kb
 bounds [0x00000000023f0000, 0x0000000002d50000, 0x00000000113f0000]
 total_blobs=3564 nmethods=2989 adapters=493
 compilation: enabled

Compilation events (10 events):
Event: 55.171 Thread 0x00000000547e3000 3161       3       org.jfree.data.xy.XYDataItem::getYValue (21 bytes)
Event: 55.171 Thread 0x00000000547e3000 nmethod 3161 0x0000000002d43310 code [0x0000000002d434a0, 0x0000000002d43708]
Event: 55.171 Thread 0x00000000547e3000 3162       3       org.jfree.data.xy.IntervalXYDelegate::datasetChanged (16 bytes)
Event: 55.172 Thread 0x00000000547e3000 nmethod 3162 0x0000000002d437d0 code [0x0000000002d43940, 0x0000000002d43b28]
Event: 55.369 Thread 0x00000000547e3000 3163       3       javax.swing.GroupLayout$GapSpring::calculateMinimumSize (20 bytes)
Event: 55.369 Thread 0x00000000547e3000 nmethod 3163 0x0000000002d43bd0 code [0x0000000002d43d60, 0x0000000002d44210]
Event: 55.370 Thread 0x00000000547e3000 3164       3       javax.swing.GroupLayout$GapSpring::calculateMaximumSize (20 bytes)
Event: 55.370 Thread 0x00000000547e3000 nmethod 3164 0x0000000002d44390 code [0x0000000002d44520, 0x0000000002d449d0]
Event: 55.371 Thread 0x00000000547e3000 3165       1       javax.swing.JTabbedPane::getTabPlacement (5 bytes)
Event: 55.371 Thread 0x00000000547e3000 nmethod 3165 0x0000000002d44b50 code [0x0000000002d44ca0, 0x0000000002d44db0]

GC Heap History (10 events):
Event: 13.832 GC heap before
{Heap before GC invocations=2 (full 0):
 PSYoungGen      total 18432K, used 18430K [0x00000000ebb80000, 0x00000000ed000000, 0x0000000100000000)
  eden space 15872K, 100% used [0x00000000ebb80000,0x00000000ecb00000,0x00000000ecb00000)
  from space 2560K, 99% used [0x00000000ecb00000,0x00000000ecd7fba8,0x00000000ecd80000)
  to   space 2560K, 0% used [0x00000000ecd80000,0x00000000ecd80000,0x00000000ed000000)
 ParOldGen       total 42496K, used 1489K [0x00000000c3200000, 0x00000000c5b80000, 0x00000000ebb80000)
  object space 42496K, 3% used [0x00000000c3200000,0x00000000c3374570,0x00000000c5b80000)
 Metaspace       used 14267K, capacity 14528K, committed 14848K, reserved 1062912K
  class space    used 1724K, capacity 1778K, committed 1792K, reserved 1048576K
Event: 13.878 GC heap after
Heap after GC invocations=2 (full 0):
 PSYoungGen      total 18432K, used 2546K [0x00000000ebb80000, 0x00000000edf80000, 0x0000000100000000)
  eden space 15872K, 0% used [0x00000000ebb80000,0x00000000ebb80000,0x00000000ecb00000)
  from space 2560K, 99% used [0x00000000ecd80000,0x00000000ecffcaf0,0x00000000ed000000)
  to   space 2560K, 0% used [0x00000000ecb00000,0x00000000ecb00000,0x00000000ecd80000)
 ParOldGen       total 42496K, used 2594K [0x00000000c3200000, 0x00000000c5b80000, 0x00000000ebb80000)
  object space 42496K, 6% used [0x00000000c3200000,0x00000000c3488970,0x00000000c5b80000)
 Metaspace       used 14267K, capacity 14528K, committed 14848K, reserved 1062912K
  class space    used 1724K, capacity 1778K, committed 1792K, reserved 1048576K
}
Event: 22.588 GC heap before
{Heap before GC invocations=3 (full 0):
 PSYoungGen      total 18432K, used 18418K [0x00000000ebb80000, 0x00000000edf80000, 0x0000000100000000)
  eden space 15872K, 100% used [0x00000000ebb80000,0x00000000ecb00000,0x00000000ecb00000)
  from space 2560K, 99% used [0x00000000ecd80000,0x00000000ecffcaf0,0x00000000ed000000)
  to   space 2560K, 0% used [0x00000000ecb00000,0x00000000ecb00000,0x00000000ecd80000)
 ParOldGen       total 42496K, used 2594K [0x00000000c3200000, 0x00000000c5b80000, 0x00000000ebb80000)
  object space 42496K, 6% used [0x00000000c3200000,0x00000000c3488970,0x00000000c5b80000)
 Metaspace       used 15822K, capacity 16040K, committed 16384K, reserved 1062912K
  class space    used 1927K, capacity 2002K, committed 2048K, reserved 1048576K
Event: 22.604 GC heap after
Heap after GC invocations=3 (full 0):
 PSYoungGen      total 18432K, used 2548K [0x00000000ebb80000, 0x00000000ed000000, 0x0000000100000000)
  eden space 15872K, 0% used [0x00000000ebb80000,0x00000000ebb80000,0x00000000ecb00000)
  from space 2560K, 99% used [0x00000000ecb00000,0x00000000ecd7d098,0x00000000ecd80000)
  to   space 2560K, 0% used [0x00000000ecd80000,0x00000000ecd80000,0x00000000ed000000)
 ParOldGen       total 42496K, used 6198K [0x00000000c3200000, 0x00000000c5b80000, 0x00000000ebb80000)
  object space 42496K, 14% used [0x00000000c3200000,0x00000000c380d9c8,0x00000000c5b80000)
 Metaspace       used 15822K, capacity 16040K, committed 16384K, reserved 1062912K
  class space    used 1927K, capacity 2002K, committed 2048K, reserved 1048576K
}
Event: 25.346 GC heap before
{Heap before GC invocations=4 (full 0):
 PSYoungGen      total 18432K, used 18420K [0x00000000ebb80000, 0x00000000ed000000, 0x0000000100000000)
  eden space 15872K, 100% used [0x00000000ebb80000,0x00000000ecb00000,0x00000000ecb00000)
  from space 2560K, 99% used [0x00000000ecb00000,0x00000000ecd7d098,0x00000000ecd80000)
  to   space 2560K, 0% used [0x00000000ecd80000,0x00000000ecd80000,0x00000000ed000000)
 ParOldGen       total 42496K, used 6198K [0x00000000c3200000, 0x00000000c5b80000, 0x00000000ebb80000)
  object space 42496K, 14% used [0x00000000c3200000,0x00000000c380d9c8,0x00000000c5b80000)
 Metaspace       used 16884K, capacity 17178K, committed 17536K, reserved 1064960K
  class space    used 2086K, capacity 2165K, committed 2176K, reserved 1048576K
Event: 25.356 GC heap after
Heap after GC invocations=4 (full 0):
 PSYoungGen      total 18432K, used 2559K [0x00000000ebb80000, 0x00000000ed000000, 0x0000000100000000)
  eden space 15872K, 0% used [0x00000000ebb80000,0x00000000ebb80000,0x00000000ecb00000)
  from space 2560K, 99% used [0x00000000ecd80000,0x00000000ecfffca0,0x00000000ed000000)
  to   space 2560K, 0% used [0x00000000ecb00000,0x00000000ecb00000,0x00000000ecd80000)
 ParOldGen       total 42496K, used 7102K [0x00000000c3200000, 0x00000000c5b80000, 0x00000000ebb80000)
  object space 42496K, 16% used [0x00000000c3200000,0x00000000c38efa40,0x00000000c5b80000)
 Metaspace       used 16884K, capacity 17178K, committed 17536K, reserved 1064960K
  class space    used 2086K, capacity 2165K, committed 2176K, reserved 1048576K
}
Event: 31.349 GC heap before
{Heap before GC invocations=5 (full 0):
 PSYoungGen      total 18432K, used 18431K [0x00000000ebb80000, 0x00000000ed000000, 0x0000000100000000)
  eden space 15872K, 100% used [0x00000000ebb80000,0x00000000ecb00000,0x00000000ecb00000)
  from space 2560K, 99% used [0x00000000ecd80000,0x00000000ecfffca0,0x00000000ed000000)
  to   space 2560K, 0% used [0x00000000ecb00000,0x00000000ecb00000,0x00000000ecd80000)
 ParOldGen       total 42496K, used 7102K [0x00000000c3200000, 0x00000000c5b80000, 0x00000000ebb80000)
  object space 42496K, 16% used [0x00000000c3200000,0x00000000c38efa40,0x00000000c5b80000)
 Metaspace       used 17445K, capacity 17758K, committed 18176K, reserved 1064960K
  class space    used 2152K, capacity 2231K, committed 2304K, reserved 1048576K
Event: 31.371 GC heap after
Heap after GC invocations=5 (full 0):
 PSYoungGen      total 18432K, used 2549K [0x00000000ebb80000, 0x00000000ed700000, 0x0000000100000000)
  eden space 15872K, 0% used [0x00000000ebb80000,0x00000000ebb80000,0x00000000ecb00000)
  from space 2560K, 99% used [0x00000000ecb00000,0x00000000ecd7d778,0x00000000ecd80000)
  to   space 6144K, 0% used [0x00000000ed100000,0x00000000ed100000,0x00000000ed700000)
 ParOldGen       total 42496K, used 8115K [0x00000000c3200000, 0x00000000c5b80000, 0x00000000ebb80000)
  object space 42496K, 19% used [0x00000000c3200000,0x00000000c39ecfa8,0x00000000c5b80000)
 Metaspace       used 17445K, capacity 17758K, committed 18176K, reserved 1064960K
  class space    used 2152K, capacity 2231K, committed 2304K, reserved 1048576K
}
Event: 46.515 GC heap before
{Heap before GC invocations=6 (full 0):
 PSYoungGen      total 18432K, used 18421K [0x00000000ebb80000, 0x00000000ed700000, 0x0000000100000000)
  eden space 15872K, 100% used [0x00000000ebb80000,0x00000000ecb00000,0x00000000ecb00000)
  from space 2560K, 99% used [0x00000000ecb00000,0x00000000ecd7d778,0x00000000ecd80000)
  to   space 6144K, 0% used [0x00000000ed100000,0x00000000ed100000,0x00000000ed700000)
 ParOldGen       total 42496K, used 8149K [0x00000000c3200000, 0x00000000c5b80000, 0x00000000ebb80000)
  object space 42496K, 19% used [0x00000000c3200000,0x00000000c39f55c8,0x00000000c5b80000)
 Metaspace       used 18330K, capacity 18590K, committed 18944K, reserved 1067008K
  class space    used 2180K, capacity 2231K, committed 2304K, reserved 1048576K
Event: 46.530 GC heap after
Heap after GC invocations=6 (full 0):
 PSYoungGen      total 20992K, used 5970K [0x00000000ebb80000, 0x00000000ed900000, 0x0000000100000000)
  eden space 14848K, 0% used [0x00000000ebb80000,0x00000000ebb80000,0x00000000eca00000)
  from space 6144K, 97% used [0x00000000ed100000,0x00000000ed6d4bb8,0x00000000ed700000)
  to   space 7168K, 0% used [0x00000000eca00000,0x00000000eca00000,0x00000000ed100000)
 ParOldGen       total 42496K, used 8838K [0x00000000c3200000, 0x00000000c5b80000, 0x00000000ebb80000)
  object space 42496K, 20% used [0x00000000c3200000,0x00000000c3aa1b00,0x00000000c5b80000)
 Metaspace       used 18330K, capacity 18590K, committed 18944K, reserved 1067008K
  class space    used 2180K, capacity 2231K, committed 2304K, reserved 1048576K
}

Deoptimization events (10 events):
Event: 24.611 Thread 0x0000000057002800 Uncommon trap: reason=bimorphic action=maybe_recompile pc=0x0000000002737c3c method=javax.swing.UIDefaults.getFromHashtable(Ljava/lang/Object;)Ljava/lang/Object; @ 126
Event: 24.650 Thread 0x0000000057002800 Uncommon trap: reason=bimorphic action=maybe_recompile pc=0x0000000002737c3c method=javax.swing.UIDefaults.getFromHashtable(Ljava/lang/Object;)Ljava/lang/Object; @ 126
Event: 24.653 Thread 0x0000000057002800 Uncommon trap: reason=bimorphic action=maybe_recompile pc=0x0000000002737c3c method=javax.swing.UIDefaults.getFromHashtable(Ljava/lang/Object;)Ljava/lang/Object; @ 126
Event: 24.656 Thread 0x0000000057002800 Uncommon trap: reason=bimorphic action=maybe_recompile pc=0x0000000002737c3c method=javax.swing.UIDefaults.getFromHashtable(Ljava/lang/Object;)Ljava/lang/Object; @ 126
Event: 25.118 Thread 0x00000000571b8000 Uncommon trap: reason=class_check action=maybe_recompile pc=0x0000000002945c04 method=java.util.concurrent.locks.AbstractQueuedSynchronizer.release(I)Z @ 2
Event: 25.119 Thread 0x00000000571b8000 Uncommon trap: reason=class_check action=maybe_recompile pc=0x0000000002945c04 method=java.util.concurrent.locks.AbstractQueuedSynchronizer.release(I)Z @ 2
Event: 25.171 Thread 0x00000000571b8000 Uncommon trap: reason=class_check action=maybe_recompile pc=0x0000000002945c04 method=java.util.concurrent.locks.AbstractQueuedSynchronizer.release(I)Z @ 2
Event: 25.172 Thread 0x00000000571b8000 Uncommon trap: reason=class_check action=maybe_recompile pc=0x0000000002945c04 method=java.util.concurrent.locks.AbstractQueuedSynchronizer.release(I)Z @ 2
Event: 38.587 Thread 0x0000000056fd2000 Uncommon trap: reason=unloaded action=reinterpret pc=0x0000000002a0bb2c method=java.util.concurrent.FutureTask.awaitDone(ZJ)I @ 33
Event: 45.618 Thread 0x0000000057002800 Uncommon trap: reason=unreached action=reinterpret pc=0x0000000002a656c0 method=java.util.concurrent.locks.LockSupport.unpark(Ljava/lang/Thread;)V @ 1

Internal exceptions (10 events):
Event: 42.388 Thread 0x0000000057002800 Exception <a 'java/security/PrivilegedActionException'> (0x00000000ec6d5f40) thrown at [D:\re\workspace\8-2-build-windows-amd64-cygwin\jdk8u20\1074\hotspot\src\share\vm\prims\jvm.cpp, line 1275]
Event: 42.393 Thread 0x0000000057002800 Exception <a 'java/security/PrivilegedActionException'> (0x00000000ec6dfca8) thrown at [D:\re\workspace\8-2-build-windows-amd64-cygwin\jdk8u20\1074\hotspot\src\share\vm\prims\jvm.cpp, line 1275]
Event: 42.406 Thread 0x0000000057002800 Exception <a 'java/security/PrivilegedActionException'> (0x00000000ec6fb120) thrown at [D:\re\workspace\8-2-build-windows-amd64-cygwin\jdk8u20\1074\hotspot\src\share\vm\prims\jvm.cpp, line 1275]
Event: 42.437 Thread 0x0000000057002800 Exception <a 'java/security/PrivilegedActionException'> (0x00000000ec710040) thrown at [D:\re\workspace\8-2-build-windows-amd64-cygwin\jdk8u20\1074\hotspot\src\share\vm\prims\jvm.cpp, line 1275]
Event: 42.442 Thread 0x0000000056fd2000 Exception <a 'java/security/PrivilegedActionException'> (0x00000000ec7336f0) thrown at [D:\re\workspace\8-2-build-windows-amd64-cygwin\jdk8u20\1074\hotspot\src\share\vm\prims\jvm.cpp, line 1275]
Event: 42.443 Thread 0x0000000056fd2000 Exception <a 'java/security/PrivilegedActionException'> (0x00000000ec73ce40) thrown at [D:\re\workspace\8-2-build-windows-amd64-cygwin\jdk8u20\1074\hotspot\src\share\vm\prims\jvm.cpp, line 1275]
Event: 42.445 Thread 0x0000000056fd2000 Exception <a 'java/security/PrivilegedActionException'> (0x00000000ec7433e8) thrown at [D:\re\workspace\8-2-build-windows-amd64-cygwin\jdk8u20\1074\hotspot\src\share\vm\prims\jvm.cpp, line 1275]
Event: 42.447 Thread 0x0000000056fd2000 Exception <a 'java/security/PrivilegedActionException'> (0x00000000ec746d30) thrown at [D:\re\workspace\8-2-build-windows-amd64-cygwin\jdk8u20\1074\hotspot\src\share\vm\prims\jvm.cpp, line 1275]
Event: 42.449 Thread 0x0000000056fd2000 Exception <a 'java/security/PrivilegedActionException'> (0x00000000ec749e30) thrown at [D:\re\workspace\8-2-build-windows-amd64-cygwin\jdk8u20\1074\hotspot\src\share\vm\prims\jvm.cpp, line 1275]
Event: 42.531 Thread 0x0000000057002800 Exception <a 'java/security/PrivilegedActionException'> (0x00000000ec714220) thrown at [D:\re\workspace\8-2-build-windows-amd64-cygwin\jdk8u20\1074\hotspot\src\share\vm\prims\jvm.cpp, line 1275]

Events (10 events):
Event: 51.877 Thread 0x00000000547e3000 flushing nmethod 0x0000000002a54f90
Event: 52.693 Thread 0x00000000547de000 flushing nmethod 0x00000000025866d0
Event: 52.695 Thread 0x00000000547de000 flushing nmethod 0x00000000025c7410
Event: 52.695 Thread 0x00000000547de000 flushing nmethod 0x00000000025d6b90
Event: 52.695 Thread 0x00000000547de000 flushing nmethod 0x00000000025d7150
Event: 52.695 Thread 0x00000000547de000 flushing nmethod 0x00000000025d7450
Event: 52.709 Thread 0x00000000547e3000 flushing nmethod 0x00000000026a2d50
Event: 52.756 Thread 0x00000000547de000 flushing nmethod 0x000000000276da90
Event: 53.079 Thread 0x00000000547de000 flushing nmethod 0x0000000002852750
Event: 53.127 Thread 0x00000000547e3000 flushing nmethod 0x0000000002a8bdd0


Dynamic libraries:
0x000000013fb60000 - 0x000000013fb94000 	C:\Program Files\Java\jdk1.8.0_20\bin\java.exe
0x0000000076d40000 - 0x0000000076ee8000 	C:\Windows\SYSTEM32\ntdll.dll
0x0000000076b20000 - 0x0000000076c3f000 	C:\Windows\system32\kernel32.dll
0x000007fefcd10000 - 0x000007fefcd7c000 	C:\Windows\system32\KERNELBASE.dll
0x000007fefecc0000 - 0x000007fefed9b000 	C:\Windows\system32\ADVAPI32.dll
0x000007fefd0f0000 - 0x000007fefd18f000 	C:\Windows\system32\msvcrt.dll
0x000007fefe320000 - 0x000007fefe33f000 	C:\Windows\SYSTEM32\sechost.dll
0x000007fefcfc0000 - 0x000007fefd0ed000 	C:\Windows\system32\RPCRT4.dll
0x0000000076c40000 - 0x0000000076d3a000 	C:\Windows\system32\USER32.dll
0x000007fefec50000 - 0x000007fefecb7000 	C:\Windows\system32\GDI32.dll
0x000007fefcf30000 - 0x000007fefcf3e000 	C:\Windows\system32\LPK.dll
0x000007fefeda0000 - 0x000007fefee69000 	C:\Windows\system32\USP10.dll
0x000007fefb160000 - 0x000007fefb354000 	C:\Windows\WinSxS\amd64_microsoft.windows.common-controls_6595b64144ccf1df_6.0.7601.18837_none_fa3b1e3d17594757\COMCTL32.dll
0x000007fefceb0000 - 0x000007fefcf21000 	C:\Windows\system32\SHLWAPI.dll
0x000007fefe2a0000 - 0x000007fefe2ce000 	C:\Windows\system32\IMM32.DLL
0x000007fefeaa0000 - 0x000007fefeba9000 	C:\Windows\system32\MSCTF.dll
0x000000006d690000 - 0x000000006d762000 	C:\Program Files\Java\jdk1.8.0_20\jre\bin\msvcr100.dll
0x000000006c6b0000 - 0x000000006cf08000 	C:\Program Files\Java\jdk1.8.0_20\jre\bin\server\jvm.dll
0x000007fef0e90000 - 0x000007fef0e99000 	C:\Windows\system32\WSOCK32.dll
0x000007fefe2d0000 - 0x000007fefe31d000 	C:\Windows\system32\WS2_32.dll
0x000007fefd320000 - 0x000007fefd328000 	C:\Windows\system32\NSI.dll
0x000007fefa770000 - 0x000007fefa7ab000 	C:\Windows\system32\WINMM.dll
0x0000000076f00000 - 0x0000000076f07000 	C:\Windows\system32\PSAPI.DLL
0x0000000072640000 - 0x000000007264f000 	C:\Program Files\Java\jdk1.8.0_20\jre\bin\verify.dll
0x0000000072610000 - 0x0000000072638000 	C:\Program Files\Java\jdk1.8.0_20\jre\bin\java.dll
0x000000006a9a0000 - 0x000000006a9d5000 	C:\Program Files\Java\jdk1.8.0_20\jre\bin\jdwp.dll
0x000000006d320000 - 0x000000006d328000 	C:\Program Files\Java\jdk1.8.0_20\jre\bin\npt.dll
0x00000000725b0000 - 0x00000000725c6000 	C:\Program Files\Java\jdk1.8.0_20\jre\bin\zip.dll
0x000007fefd430000 - 0x000007fefe1b9000 	C:\Windows\system32\SHELL32.dll
0x000007fefe870000 - 0x000007fefea73000 	C:\Windows\system32\ole32.dll
0x000007fefcaf0000 - 0x000007fefcaff000 	C:\Windows\system32\profapi.dll
0x00000000747a0000 - 0x00000000747ab000 	C:\Program Files\Java\jdk1.8.0_20\jre\bin\dt_shmem.dll
0x000000006d350000 - 0x000000006d4e8000 	C:\Program Files\Java\jdk1.8.0_20\jre\bin\awt.dll
0x000007fefe1c0000 - 0x000007fefe297000 	C:\Windows\system32\OLEAUT32.dll
0x000007fefc990000 - 0x000007fefc99f000 	C:\Windows\system32\CRYPTBASE.dll
0x000007fefa950000 - 0x000007fefa968000 	C:\Windows\system32\DWMAPI.DLL
0x000000006d160000 - 0x000000006d1a7000 	C:\Program Files\Java\jdk1.8.0_20\jre\bin\fontmanager.dll
0x000000006da10000 - 0x000000006da2a000 	C:\Program Files\Java\jdk1.8.0_20\jre\bin\net.dll
0x000007fefc2d0000 - 0x000007fefc325000 	C:\Windows\system32\mswsock.dll
0x000007fefc2c0000 - 0x000007fefc2c7000 	C:\Windows\System32\wship6.dll
0x0000000072590000 - 0x00000000725a1000 	C:\Program Files\Java\jdk1.8.0_20\jre\bin\nio.dll
0x0000000074820000 - 0x0000000074861000 	C:\Program Files\Java\jdk1.8.0_20\jre\bin\t2k.dll
0x00000000747c0000 - 0x00000000747ea000 	C:\Program Files\Java\jdk1.8.0_20\jre\bin\dcpr.dll
0x0000000074710000 - 0x0000000074741000 	C:\Program Files\Java\jdk1.8.0_20\jre\bin\jpeg.dll
0x000007fefd330000 - 0x000007fefd3c9000 	C:\Windows\system32\CLBCatQ.DLL
0x000007fefa5c0000 - 0x000007fefa721000 	C:\Windows\system32\WindowsCodecs.dll
0x000007fefc930000 - 0x000007fefc987000 	C:\Windows\system32\apphelp.dll
0x000007fef84f0000 - 0x000007fef872b000 	C:\PROGRA~1\MICROS~2\Office15\GROOVEEX.DLL
0x0000000074500000 - 0x0000000074598000 	C:\Windows\system32\MSVCP100.dll
0x00000000744d0000 - 0x00000000744fb000 	C:\Windows\system32\ATL100.DLL
0x000007fef81d0000 - 0x000007fef84ee000 	C:\Windows\system32\msi.dll
0x000007fef6c40000 - 0x000007fef7283000 	C:\PROGRA~1\MICROS~2\Office15\3082\GrooveIntlResource.dll
0x000007fefabf0000 - 0x000007fefac25000 	C:\Windows\system32\EhStorShell.dll
0x000007fefee70000 - 0x000007feff047000 	C:\Windows\system32\SETUPAPI.dll
0x000007fefce50000 - 0x000007fefce86000 	C:\Windows\system32\CFGMGR32.dll
0x000007fefce20000 - 0x000007fefce3a000 	C:\Windows\system32\DEVOBJ.dll
0x000007fefb7b0000 - 0x000007fefb8dc000 	C:\Windows\system32\PROPSYS.dll
0x000007fefaa30000 - 0x000007fefaaae000 	C:\Windows\System32\cscui.dll
0x000007fefb380000 - 0x000007fefb38c000 	C:\Windows\System32\CSCDLL.dll
0x000007fef5a70000 - 0x000007fef5a7f000 	C:\Windows\system32\CSCAPI.dll
0x000007fefa460000 - 0x000007fefa4e0000 	C:\Windows\system32\ntshrui.dll
0x000007fefc820000 - 0x000007fefc843000 	C:\Windows\system32\srvcli.dll
0x000007fefa8d0000 - 0x000007fefa8db000 	C:\Windows\system32\slc.dll
0x000007fef1600000 - 0x000007fef16a0000 	C:\Windows\WinSxS\amd64_microsoft.windows.common-controls_6595b64144ccf1df_5.82.7601.18837_none_a4d981ff711297b6\comctl32.dll
0x000007fefb930000 - 0x000007fefb95d000 	C:\Windows\system32\ntmarta.dll
0x000007fefd3d0000 - 0x000007fefd422000 	C:\Windows\system32\WLDAP32.dll
0x000007feefb70000 - 0x000007feefd0c000 	C:\Windows\system32\NetworkExplorer.dll
0x000007fefa520000 - 0x000007fefa554000 	C:\Windows\System32\shdocvw.dll
0x000007fefb600000 - 0x000007fefb618000 	C:\Windows\system32\MPR.dll
0x000007fefb660000 - 0x000007fefb66a000 	C:\Windows\System32\drprov.dll
0x000007fefbe80000 - 0x000007fefbebd000 	C:\Windows\System32\WINSTA.dll
0x000007fef42e0000 - 0x000007fef4302000 	C:\Windows\System32\ntlanman.dll
0x000007fef8100000 - 0x000007fef811c000 	C:\Windows\System32\davclnt.dll
0x000007fef81a0000 - 0x000007fef81aa000 	C:\Windows\System32\DAVHLPR.dll
0x000007fef9920000 - 0x000007fef9935000 	C:\Windows\system32\wkscli.dll
0x000007fef9940000 - 0x000007fef994c000 	C:\Windows\system32\netutils.dll
0x000007feef560000 - 0x000007feef7d1000 	C:\Windows\system32\wpdshext.dll
0x000007feface0000 - 0x000007fefaef6000 	C:\Windows\WinSxS\amd64_microsoft.windows.gdiplus_6595b64144ccf1df_1.1.7601.18852_none_2b28839e71e973ae\gdiplus.dll
0x000007fef1030000 - 0x000007fef10ed000 	C:\Windows\system32\PortableDeviceApi.dll
0x000007fefccd0000 - 0x000007fefcd0b000 	C:\Windows\system32\WINTRUST.dll
0x000007fefcb40000 - 0x000007fefccad000 	C:\Windows\system32\CRYPT32.dll
0x000007fefcb00000 - 0x000007fefcb0f000 	C:\Windows\system32\MSASN1.dll
0x000007fef09b0000 - 0x000007fef09e9000 	C:\Windows\system32\PortableDeviceTypes.dll
0x000007fef63d0000 - 0x000007fef63f7000 	C:\Windows\system32\EhStorAPI.dll
0x000007fefb150000 - 0x000007fefb15c000 	C:\Windows\system32\LINKINFO.dll
0x000007fef39a0000 - 0x000007fef3ac5000 	C:\Windows\system32\dbghelp.dll

VM Arguments:
jvm_args: -Xdebug -Xrunjdwp:transport=dt_shmem,address=javadebug -Dfile.encoding=UTF-8 
java_command: kahlo.Kahlo
java_class_path (initial): C:\Users\JCORREA\Downloads\jfreechart-1.0.19\jfreechart-1.0.19\lib\jfreechart-1.0.19.jar;C:\Users\JCORREA\Downloads\jfreechart-1.0.19\jfreechart-1.0.19\lib\hamcrest-core-1.3.jar;C:\Users\JCORREA\Downloads\jfreechart-1.0.19\jfreechart-1.0.19\lib\jcommon-1.0.23.jar;C:\Users\JCORREA\Downloads\jfreechart-1.0.19\jfreechart-1.0.19\lib\jfreechart-1.0.19-experimental.jar;C:\Users\JCORREA\Downloads\jfreechart-1.0.19\jfreechart-1.0.19\lib\jfreechart-1.0.19-swt.jar;C:\Users\JCORREA\Downloads\jfreechart-1.0.19\jfreechart-1.0.19\lib\jfreesvg-2.0.jar;C:\Users\JCORREA\Documents\NetBeansProjects\Kahlo\Kahlo\build\classes
Launcher Type: SUN_STANDARD

Environment Variables:
JAVA_HOME=C:\Program Files\Java\jdk1.8.0_20
PATH=C:\ProgramData\Oracle\Java\javapath;C:\Windows\system32;C:\Windows;C:\Windows\System32\Wbem;C:\Windows\System32\WindowsPowerShell\v1.0\;C:\Program Files (x86)\IVI Foundation\VISA\WinNT\Bin\;C:\Program Files\Java\jdk1.8.0_20\bin;C:\Program Files (x86)\Skype\Phone\;C:\Program Files\Java\jdk1.8.0_20\binC:\OrCAD\OrCAD_16.6_Lite\OpenAccess\bin\win32\opt;C:\OrCAD\OrCAD_16.6_Lite\tools\pcb\bin;C:\OrCAD\OrCAD_16.6_Lite\tools\fet\bin;C:\OrCAD\OrCAD_16.6_Lite\tools\Capture;C:\OrCAD\OrCAD_16.6_Lite\tools\PSpice;C:\OrCAD\OrCAD_16.6_Lite\tools\specctra\bin;C:\OrCAD\OrCAD_16.6_Lite\tools\bin;
USERNAME=JCORREA
OS=Windows_NT
PROCESSOR_IDENTIFIER=Intel64 Family 6 Model 37 Stepping 5, GenuineIntel



---------------  S Y S T E M  ---------------

OS: Windows 7 , 64 bit Build 7601 Service Pack 1

CPU:total 2 (2 cores per cpu, 1 threads per core) family 6 model 37 stepping 5, cmov, cx8, fxsr, mmx, sse, sse2, sse3, ssse3, popcnt, tsc, tscinvbit

Memory: 4k page, physical 3987312k(366020k free), swap 5124088k(19708k free)

vm_info: Java HotSpot(TM) 64-Bit Server VM (25.20-b23) for windows-amd64 JRE (1.8.0_20-b26), built on Jul 30 2014 13:51:23 by "java_re" with MS VC++ 10.0 (VS2010)

time: Sun Aug 02 23:16:20 2015
elapsed time: 55 seconds (0d 0h 0m 55s)

